[    1642ms] [LOG] [ Federation Runtime ] Version 18.2.0 from dashboard of shared singleton module react does not satisfy the requirement of dashboard which needs catalog:react18) @ https://dash.cloudflare.com/runtime.03d5685560babc5b.js:3
[    1672ms] [LOG] [ Federation Runtime ] Version 11.7.0 from dashboard of shared singleton module react-fela does not satisfy the requirement of dashboard which needs 11.6.1) @ https://dash.cloudflare.com/runtime.03d5685560babc5b.js:3
[    1710ms] [LOG] [ Federation Runtime ] Version 18.2.0 from dashboard of shared singleton module react-dom does not satisfy the requirement of dashboard which needs catalog:react18) @ https://dash.cloudflare.com/runtime.03d5685560babc5b.js:3
[    1717ms] [LOG] [ Federation Runtime ] Version 1.12.9 from dashboard of shared singleton module @cloudflare/intl-react does not satisfy the requirement of dashboard which needs workspace:^) @ https://dash.cloudflare.com/runtime.03d5685560babc5b.js:3
[    1723ms] [LOG] [ Federation Runtime ] Version 1.12.9 from dashboard of shared singleton module @cloudflare/intl-react does not satisfy the requirement of dashboard which needs workspace:^) @ https://dash.cloudflare.com/runtime.03d5685560babc5b.js:3
[    1727ms] [LOG] [ Federation Runtime ] Version 1.12.9 from dashboard of shared singleton module @cloudflare/intl-react does not satisfy the requirement of dashboard which needs workspace:^) @ https://dash.cloudflare.com/runtime.03d5685560babc5b.js:3
[    1742ms] [LOG] [ Federation Runtime ] Version 1.12.9 from dashboard of shared singleton module @cloudflare/intl-react does not satisfy the requirement of dashboard which needs workspace:^) @ https://dash.cloudflare.com/runtime.03d5685560babc5b.js:3
[    1756ms] [LOG] [ Federation Runtime ] Version 1.12.9 from dashboard of shared singleton module @cloudflare/intl-react does not satisfy the requirement of dashboard which needs workspace:^) @ https://dash.cloudflare.com/runtime.03d5685560babc5b.js:3
[    3111ms] [LOG] [ Federation Runtime ] Version 18.2.0 from dashboard of shared singleton module react does not satisfy the requirement of dashboard which needs catalog:react18) @ https://dash.cloudflare.com/runtime.03d5685560babc5b.js:3
[    3116ms] [LOG] [ Federation Runtime ] Version 18.2.0 from dashboard of shared singleton module react-dom does not satisfy the requirement of dashboard which needs catalog:react18) @ https://dash.cloudflare.com/runtime.03d5685560babc5b.js:3
[    5005ms] [LOG] [ Federation Runtime ] Version 11.7.0 from dashboard of shared singleton module react-fela does not satisfy the requirement of dashboard which needs 11.6.1) @ https://dash.cloudflare.com/runtime.03d5685560babc5b.js:3
[    5046ms] [LOG] [ Federation Runtime ] Version 1.12.9 from dashboard of shared singleton module @cloudflare/intl-react does not satisfy the requirement of dashboard which needs workspace:^) @ https://dash.cloudflare.com/runtime.03d5685560babc5b.js:3
[   13205ms] [LOG] [ Federation Runtime ] Version 1.12.9 from dashboard of shared singleton module @cloudflare/intl-react does not satisfy the requirement of dashboard which needs workspace:^) @ https://dash.cloudflare.com/cf-815d73f394ca7f10.js:2
[   13237ms] [LOG] [ Federation Runtime ] Version 1.12.9 from dashboard of shared singleton module @cloudflare/intl-react does not satisfy the requirement of dashboard which needs workspace:^) @ https://dash.cloudflare.com/cf-815d73f394ca7f10.js:2
[   13253ms] [LOG] [ Federation Runtime ] Version 1.12.9 from dashboard of shared singleton module @cloudflare/intl-react does not satisfy the requirement of dashboard which needs workspace:^) @ https://dash.cloudflare.com/cf-815d73f394ca7f10.js:2
[   13255ms] [LOG] [ Federation Runtime ] Version 1.12.9 from dashboard of shared singleton module @cloudflare/intl-react does not satisfy the requirement of dashboard which needs workspace:^) @ https://dash.cloudflare.com/cf-815d73f394ca7f10.js:2
[   13259ms] [LOG] [ Federation Runtime ] Version 1.12.9 from dashboard of shared singleton module @cloudflare/intl-react does not satisfy the requirement of dashboard which needs workspace:^) @ https://dash.cloudflare.com/cf-815d73f394ca7f10.js:2
[   13265ms] [LOG] [ Federation Runtime ] Version 1.12.9 from dashboard of shared singleton module @cloudflare/intl-react does not satisfy the requirement of dashboard which needs workspace:^) @ https://dash.cloudflare.com/cf-815d73f394ca7f10.js:2
[   13268ms] [LOG] [ Federation Runtime ] Version 1.12.9 from dashboard of shared singleton module @cloudflare/intl-react does not satisfy the requirement of dashboard which needs workspace:^) @ https://dash.cloudflare.com/cf-815d73f394ca7f10.js:2
[   13271ms] [LOG] [ Federation Runtime ] Version 1.12.9 from dashboard of shared singleton module @cloudflare/intl-react does not satisfy the requirement of dashboard which needs workspace:^) @ https://dash.cloudflare.com/cf-815d73f394ca7f10.js:2
[   13273ms] [LOG] [ Federation Runtime ] Version 1.12.9 from dashboard of shared singleton module @cloudflare/intl-react does not satisfy the requirement of dashboard which needs workspace:^) @ https://dash.cloudflare.com/cf-815d73f394ca7f10.js:2
[   13275ms] [LOG] [ Federation Runtime ] Version 1.12.9 from dashboard of shared singleton module @cloudflare/intl-react does not satisfy the requirement of dashboard which needs workspace:^) @ https://dash.cloudflare.com/cf-815d73f394ca7f10.js:2
[   13278ms] [LOG] [ Federation Runtime ] Version 1.12.9 from dashboard of shared singleton module @cloudflare/intl-react does not satisfy the requirement of dashboard which needs workspace:^) @ https://dash.cloudflare.com/cf-815d73f394ca7f10.js:2
[   13280ms] [LOG] [ Federation Runtime ] Version 1.12.9 from dashboard of shared singleton module @cloudflare/intl-react does not satisfy the requirement of dashboard which needs workspace:^) @ https://dash.cloudflare.com/cf-815d73f394ca7f10.js:2
[   13282ms] [LOG] [ Federation Runtime ] Version 1.12.9 from dashboard of shared singleton module @cloudflare/intl-react does not satisfy the requirement of dashboard which needs workspace:^) @ https://dash.cloudflare.com/cf-815d73f394ca7f10.js:2
[   13285ms] [LOG] [ Federation Runtime ] Version 1.12.9 from dashboard of shared singleton module @cloudflare/intl-react does not satisfy the requirement of dashboard which needs workspace:^) @ https://dash.cloudflare.com/cf-815d73f394ca7f10.js:2
[   13287ms] [LOG] [ Federation Runtime ] Version 1.12.9 from dashboard of shared singleton module @cloudflare/intl-react does not satisfy the requirement of dashboard which needs workspace:^) @ https://dash.cloudflare.com/cf-815d73f394ca7f10.js:2
[   13289ms] [LOG] [ Federation Runtime ] Version 1.12.9 from dashboard of shared singleton module @cloudflare/intl-react does not satisfy the requirement of dashboard which needs workspace:^) @ https://dash.cloudflare.com/cf-815d73f394ca7f10.js:2
[   13290ms] [LOG] [ Federation Runtime ] Version 1.12.9 from dashboard of shared singleton module @cloudflare/intl-react does not satisfy the requirement of dashboard which needs workspace:^) @ https://dash.cloudflare.com/cf-815d73f394ca7f10.js:2
[   14657ms] [ERROR] Failed to load resource: the server responded with a status of 403 () @ https://dash.cloudflare.com/api/v4/organizations?per_page=100:0
